<?xml version="1.0" encoding="UTF-8"?>
<testsuite xmlns:xsi="http://www.w3.org/2001/XMLSchema-instance" xsi:noNamespaceSchemaLocation="https://maven.apache.org/surefire/maven-surefire-plugin/xsd/surefire-test-report-3.0.xsd" version="3.0" name="com.github.calc.CalcTest" time="1.923" tests="8" errors="0" skipped="0" failures="0">
  <properties>
[...]
</properties>
  <testcase name="plusMinus" classname="com.github.calc.CalcTest" time="1.437"/>
  <testcase name="mr" classname="com.github.calc.CalcTest" time="0.052"/>
  <testcase name="ms" classname="com.github.calc.CalcTest" time="0.074"/>
  <testcase name="add" classname="com.github.calc.CalcTest" time="0.059"/>
  <testcase name="div" classname="com.github.calc.CalcTest" time="0.058"/>
  <testcase name="nbs" classname="com.github.calc.CalcTest" time="0.057"/>
  <testcase name="sqrt" classname="com.github.calc.CalcTest" time="0.064"/>
  <testcase name="comma" classname="com.github.calc.CalcTest" time="0.045"/>
</testsuite>